<?xml version="1.0" encoding="UTF-8"?>
<!-- Generated by org.testng.reporters.JUnitReportReporter -->
<testsuite skipped="0" hostname="nikhilwin10pc" name="org.testing.TestScripts.TC5_DeleteRequest" tests="1" failures="0" timestamp="2022-03-12T11:56:08 IST" time="0.065" errors="0">
  <testcase name="TC5" time="0.065" classname="org.testing.TestScripts.TC5_DeleteRequest"/>
  <system-out/>
</testsuite> <!-- org.testing.TestScripts.TC5_DeleteRequest -->
