<?xml version="1.0" encoding="UTF-8"?>
<!-- Generated by org.testng.reporters.JUnitReportReporter -->
<testsuite skipped="0" hostname="nikhilwin10pc" name="org.testing.TestScripts.TC10_Delete_EMP" tests="1" failures="0" timestamp="2022-03-12T11:56:08 IST" time="1.068" errors="0">
  <testcase name="TC10" time="1.068" classname="org.testing.TestScripts.TC10_Delete_EMP"/>
  <system-out/>
</testsuite> <!-- org.testing.TestScripts.TC10_Delete_EMP -->
